2021-04-29 10:22:23.705 [main] INFO org.springframework.context.support.PostProcessorRegistrationDelegate$BeanPostProcessorChecker.postProcessAfterInitialization -Bean 'org.springframework.cloud.autoconfigure.ConfigurationPropertiesRebinderAutoConfiguration' of type [org.springframework.cloud.autoconfigure.ConfigurationPropertiesRebinderAutoConfiguration$$EnhancerBySpringCGLIB$$27470fa3] is not eligible for getting processed by all BeanPostProcessors (for example: not eligible for auto-proxying)
2021-04-29 10:22:25.130 [main] INFO com.smartone.SmartoneApplication.logStartupProfileInfo -No active profile set, falling back to default profiles: default
2021-04-29 10:22:26.797 [main] INFO org.springframework.data.repository.config.RepositoryConfigurationDelegate.multipleStoresDetected -Multiple Spring Data modules found, entering strict repository configuration mode!
2021-04-29 10:22:26.800 [main] INFO org.springframework.data.repository.config.RepositoryConfigurationDelegate.registerRepositoriesIn -Bootstrapping Spring Data repositories in DEFAULT mode.
2021-04-29 10:22:26.969 [main] INFO org.springframework.data.repository.config.RepositoryConfigurationDelegate.registerRepositoriesIn -Finished Spring Data repository scanning in 145ms. Found 0 repository interfaces.
2021-04-29 10:22:27.457 [main] INFO org.springframework.cloud.context.scope.GenericScope.setSerializationId -BeanFactory id=05284485-2c9e-3de7-b2e4-e32845eeba92
2021-04-29 10:22:27.764 [main] INFO org.springframework.context.support.PostProcessorRegistrationDelegate$BeanPostProcessorChecker.postProcessAfterInitialization -Bean 'org.springframework.transaction.annotation.ProxyTransactionManagementConfiguration' of type [org.springframework.transaction.annotation.ProxyTransactionManagementConfiguration$$EnhancerBySpringCGLIB$$b2d0ca6] is not eligible for getting processed by all BeanPostProcessors (for example: not eligible for auto-proxying)
2021-04-29 10:22:27.807 [main] INFO org.springframework.context.support.PostProcessorRegistrationDelegate$BeanPostProcessorChecker.postProcessAfterInitialization -Bean 'org.springframework.cloud.autoconfigure.ConfigurationPropertiesRebinderAutoConfiguration' of type [org.springframework.cloud.autoconfigure.ConfigurationPropertiesRebinderAutoConfiguration$$EnhancerBySpringCGLIB$$27470fa3] is not eligible for getting processed by all BeanPostProcessors (for example: not eligible for auto-proxying)
2021-04-29 10:22:28.540 [main] INFO org.springframework.boot.web.embedded.tomcat.TomcatWebServer.initialize -Tomcat initialized with port(s): 8201 (http)
2021-04-29 10:22:28.570 [main] INFO org.apache.coyote.http11.Http11NioProtocol.log -Initializing ProtocolHandler ["http-nio-8201"]
2021-04-29 10:22:28.593 [main] INFO org.apache.catalina.core.StandardService.log -Starting service [Tomcat]
2021-04-29 10:22:28.593 [main] INFO org.apache.catalina.core.StandardEngine.log -Starting Servlet engine: [Apache Tomcat/9.0.17]
2021-04-29 10:22:29.065 [main] INFO org.apache.catalina.core.ContainerBase.[Tomcat].[localhost].[/].log -Initializing Spring embedded WebApplicationContext
2021-04-29 10:22:29.066 [main] INFO org.springframework.web.context.ContextLoader.prepareWebApplicationContext -Root WebApplicationContext: initialization completed in 3904 ms
2021-04-29 10:22:29.355 [main] WARN org.springframework.boot.web.servlet.context.AnnotationConfigServletWebServerApplicationContext.refresh -Exception encountered during context initialization - cancelling refresh attempt: org.springframework.beans.factory.UnsatisfiedDependencyException: Error creating bean with name 'sysAccountController': Unsatisfied dependency expressed through field 'sysAccountService'; nested exception is org.springframework.beans.factory.NoSuchBeanDefinitionException: No qualifying bean of type 'com.ibs.login.SysAccountService' available: expected at least 1 bean which qualifies as autowire candidate. Dependency annotations: {@org.springframework.beans.factory.annotation.Autowired(required=true)}
2021-04-29 10:22:29.356 [main] INFO org.apache.catalina.core.StandardService.log -Stopping service [Tomcat]
2021-04-29 10:22:29.589 [main] INFO org.springframework.boot.autoconfigure.logging.ConditionEvaluationReportLoggingListener.logMessage -

Error starting ApplicationContext. To display the conditions report re-run your application with 'debug' enabled.
2021-04-29 10:22:30.177 [main] ERROR org.springframework.boot.diagnostics.LoggingFailureAnalysisReporter.report -

***************************
APPLICATION FAILED TO START
***************************

Description:

Field sysAccountService in com.ibs.login.SysAccountController required a bean of type 'com.ibs.login.SysAccountService' that could not be found.

The injection point has the following annotations:
	- @org.springframework.beans.factory.annotation.Autowired(required=true)


Action:

Consider defining a bean of type 'com.ibs.login.SysAccountService' in your configuration.

2021-04-29 10:25:53.545 [main] INFO org.springframework.context.support.PostProcessorRegistrationDelegate$BeanPostProcessorChecker.postProcessAfterInitialization -Bean 'org.springframework.cloud.autoconfigure.ConfigurationPropertiesRebinderAutoConfiguration' of type [org.springframework.cloud.autoconfigure.ConfigurationPropertiesRebinderAutoConfiguration$$EnhancerBySpringCGLIB$$aa243e8d] is not eligible for getting processed by all BeanPostProcessors (for example: not eligible for auto-proxying)
2021-04-29 10:25:54.975 [main] INFO com.smartone.SmartoneApplication.logStartupProfileInfo -No active profile set, falling back to default profiles: default
2021-04-29 10:25:56.624 [main] INFO org.springframework.data.repository.config.RepositoryConfigurationDelegate.multipleStoresDetected -Multiple Spring Data modules found, entering strict repository configuration mode!
2021-04-29 10:25:56.628 [main] INFO org.springframework.data.repository.config.RepositoryConfigurationDelegate.registerRepositoriesIn -Bootstrapping Spring Data repositories in DEFAULT mode.
2021-04-29 10:25:56.719 [main] INFO org.springframework.data.repository.config.RepositoryConfigurationDelegate.registerRepositoriesIn -Finished Spring Data repository scanning in 71ms. Found 0 repository interfaces.
2021-04-29 10:25:57.216 [main] INFO org.springframework.cloud.context.scope.GenericScope.setSerializationId -BeanFactory id=05284485-2c9e-3de7-b2e4-e32845eeba92
2021-04-29 10:25:57.459 [main] INFO org.springframework.context.support.PostProcessorRegistrationDelegate$BeanPostProcessorChecker.postProcessAfterInitialization -Bean 'org.springframework.transaction.annotation.ProxyTransactionManagementConfiguration' of type [org.springframework.transaction.annotation.ProxyTransactionManagementConfiguration$$EnhancerBySpringCGLIB$$8e0a3b90] is not eligible for getting processed by all BeanPostProcessors (for example: not eligible for auto-proxying)
2021-04-29 10:25:57.503 [main] INFO org.springframework.context.support.PostProcessorRegistrationDelegate$BeanPostProcessorChecker.postProcessAfterInitialization -Bean 'org.springframework.cloud.autoconfigure.ConfigurationPropertiesRebinderAutoConfiguration' of type [org.springframework.cloud.autoconfigure.ConfigurationPropertiesRebinderAutoConfiguration$$EnhancerBySpringCGLIB$$aa243e8d] is not eligible for getting processed by all BeanPostProcessors (for example: not eligible for auto-proxying)
2021-04-29 10:25:58.155 [main] INFO org.springframework.boot.web.embedded.tomcat.TomcatWebServer.initialize -Tomcat initialized with port(s): 8201 (http)
2021-04-29 10:25:58.186 [main] INFO org.apache.coyote.http11.Http11NioProtocol.log -Initializing ProtocolHandler ["http-nio-8201"]
2021-04-29 10:25:58.207 [main] INFO org.apache.catalina.core.StandardService.log -Starting service [Tomcat]
2021-04-29 10:25:58.207 [main] INFO org.apache.catalina.core.StandardEngine.log -Starting Servlet engine: [Apache Tomcat/9.0.17]
2021-04-29 10:25:58.669 [main] INFO org.apache.catalina.core.ContainerBase.[Tomcat].[localhost].[/].log -Initializing Spring embedded WebApplicationContext
2021-04-29 10:25:58.669 [main] INFO org.springframework.web.context.ContextLoader.prepareWebApplicationContext -Root WebApplicationContext: initialization completed in 3664 ms
2021-04-29 10:25:58.951 [main] WARN org.springframework.boot.web.servlet.context.AnnotationConfigServletWebServerApplicationContext.refresh -Exception encountered during context initialization - cancelling refresh attempt: org.springframework.beans.factory.UnsatisfiedDependencyException: Error creating bean with name 'sysAccountController': Unsatisfied dependency expressed through field 'sysAccountService'; nested exception is org.springframework.beans.factory.NoSuchBeanDefinitionException: No qualifying bean of type 'com.ibs.login.SysAccountService' available: expected at least 1 bean which qualifies as autowire candidate. Dependency annotations: {@org.springframework.beans.factory.annotation.Autowired(required=true)}
2021-04-29 10:25:58.952 [main] INFO org.apache.catalina.core.StandardService.log -Stopping service [Tomcat]
2021-04-29 10:25:59.159 [main] INFO org.springframework.boot.autoconfigure.logging.ConditionEvaluationReportLoggingListener.logMessage -

Error starting ApplicationContext. To display the conditions report re-run your application with 'debug' enabled.
2021-04-29 10:25:59.707 [main] ERROR org.springframework.boot.diagnostics.LoggingFailureAnalysisReporter.report -

***************************
APPLICATION FAILED TO START
***************************

Description:

Field sysAccountService in com.ibs.login.SysAccountController required a bean of type 'com.ibs.login.SysAccountService' that could not be found.

The injection point has the following annotations:
	- @org.springframework.beans.factory.annotation.Autowired(required=true)


Action:

Consider defining a bean of type 'com.ibs.login.SysAccountService' in your configuration.

2021-04-29 10:34:16.945 [main] INFO org.springframework.context.support.PostProcessorRegistrationDelegate$BeanPostProcessorChecker.postProcessAfterInitialization -Bean 'org.springframework.cloud.autoconfigure.ConfigurationPropertiesRebinderAutoConfiguration' of type [org.springframework.cloud.autoconfigure.ConfigurationPropertiesRebinderAutoConfiguration$$EnhancerBySpringCGLIB$$9dd05328] is not eligible for getting processed by all BeanPostProcessors (for example: not eligible for auto-proxying)
2021-04-29 10:34:18.400 [main] INFO com.smartone.SmartoneApplication.logStartupProfileInfo -No active profile set, falling back to default profiles: default
2021-04-29 10:34:20.292 [main] INFO org.springframework.data.repository.config.RepositoryConfigurationDelegate.multipleStoresDetected -Multiple Spring Data modules found, entering strict repository configuration mode!
2021-04-29 10:34:20.296 [main] INFO org.springframework.data.repository.config.RepositoryConfigurationDelegate.registerRepositoriesIn -Bootstrapping Spring Data repositories in DEFAULT mode.
2021-04-29 10:34:20.418 [main] INFO org.springframework.data.repository.config.RepositoryConfigurationDelegate.registerRepositoriesIn -Finished Spring Data repository scanning in 99ms. Found 0 repository interfaces.
2021-04-29 10:34:20.899 [main] INFO org.springframework.cloud.context.scope.GenericScope.setSerializationId -BeanFactory id=d6e2fd25-ca22-3318-982a-918dded00315
2021-04-29 10:34:21.135 [main] INFO org.springframework.context.support.PostProcessorRegistrationDelegate$BeanPostProcessorChecker.postProcessAfterInitialization -Bean 'org.springframework.transaction.annotation.ProxyTransactionManagementConfiguration' of type [org.springframework.transaction.annotation.ProxyTransactionManagementConfiguration$$EnhancerBySpringCGLIB$$81b6502b] is not eligible for getting processed by all BeanPostProcessors (for example: not eligible for auto-proxying)
2021-04-29 10:34:21.183 [main] INFO org.springframework.context.support.PostProcessorRegistrationDelegate$BeanPostProcessorChecker.postProcessAfterInitialization -Bean 'org.springframework.cloud.autoconfigure.ConfigurationPropertiesRebinderAutoConfiguration' of type [org.springframework.cloud.autoconfigure.ConfigurationPropertiesRebinderAutoConfiguration$$EnhancerBySpringCGLIB$$9dd05328] is not eligible for getting processed by all BeanPostProcessors (for example: not eligible for auto-proxying)
2021-04-29 10:34:21.864 [main] INFO org.springframework.boot.web.embedded.tomcat.TomcatWebServer.initialize -Tomcat initialized with port(s): 8201 (http)
2021-04-29 10:34:21.890 [main] INFO org.apache.coyote.http11.Http11NioProtocol.log -Initializing ProtocolHandler ["http-nio-8201"]
2021-04-29 10:34:21.911 [main] INFO org.apache.catalina.core.StandardService.log -Starting service [Tomcat]
2021-04-29 10:34:21.912 [main] INFO org.apache.catalina.core.StandardEngine.log -Starting Servlet engine: [Apache Tomcat/9.0.17]
2021-04-29 10:34:22.353 [main] INFO org.apache.catalina.core.ContainerBase.[Tomcat].[localhost].[/].log -Initializing Spring embedded WebApplicationContext
2021-04-29 10:34:22.353 [main] INFO org.springframework.web.context.ContextLoader.prepareWebApplicationContext -Root WebApplicationContext: initialization completed in 3908 ms
2021-04-29 10:34:22.841 [main] INFO com.alibaba.druid.spring.boot.autoconfigure.DruidDataSourceAutoConfigure.dataSource -Init DruidDataSource
2021-04-29 10:34:23.191 [main] INFO com.alibaba.druid.pool.DruidDataSource.init -{dataSource-1} inited
2021-04-29 10:34:24.503 [main] INFO com.douglei.orm.mapping.MappingTypeContainer.register -MappingType注册成功: name为[table], fileSuffix为[.tmp.xml]
2021-04-29 10:34:24.507 [main] INFO com.douglei.orm.mapping.MappingTypeContainer.register -MappingType注册成功: name为[view], fileSuffix为[.vmp.xml]
2021-04-29 10:34:24.511 [main] INFO com.douglei.orm.mapping.MappingTypeContainer.register -MappingType注册成功: name为[procedure], fileSuffix为[.pmp.xml]
2021-04-29 10:34:24.516 [main] INFO com.douglei.orm.mapping.MappingTypeContainer.register -MappingType注册成功: name为[sql], fileSuffix为[.smp.xml]
2021-04-29 10:34:24.518 [main] INFO com.douglei.orm.mapping.MappingTypeContainer.register -MappingType注册成功: name为[sql-query], fileSuffix为[.sqmp.xml]
2021-04-29 10:34:24.519 [main] INFO com.douglei.orm.mapping.MappingTypeContainer.register -MappingType注册成功: name为[busimodel], fileSuffix为[.bmmp.xml]
2021-04-29 10:34:25.132 [main] INFO org.springframework.scheduling.concurrent.ThreadPoolTaskExecutor.initialize -Initializing ExecutorService 'threadPool'
2021-04-29 10:34:25.152 [main] WARN com.netflix.config.sources.URLConfigurationSource.<init> -No URLs will be polled as dynamic configuration sources.
2021-04-29 10:34:25.152 [main] INFO com.netflix.config.sources.URLConfigurationSource.<init> -To enable URLs as dynamic configuration sources, define System property archaius.configurationSource.additionalUrls or make config.properties available on classpath.
2021-04-29 10:34:25.161 [main] WARN com.netflix.config.sources.URLConfigurationSource.<init> -No URLs will be polled as dynamic configuration sources.
2021-04-29 10:34:25.161 [main] INFO com.netflix.config.sources.URLConfigurationSource.<init> -To enable URLs as dynamic configuration sources, define System property archaius.configurationSource.additionalUrls or make config.properties available on classpath.
2021-04-29 10:34:29.110 [main] INFO org.springframework.cloud.netflix.eureka.InstanceInfoFactory.create -Setting initial instance status as: STARTING
2021-04-29 10:34:29.167 [main] INFO com.netflix.discovery.DiscoveryClient.<init> -Initializing Eureka in region us-east-1
2021-04-29 10:34:29.291 [main] INFO com.netflix.discovery.provider.DiscoveryJerseyProvider.<init> -Using JSON encoding codec LegacyJacksonJson
2021-04-29 10:34:29.292 [main] INFO com.netflix.discovery.provider.DiscoveryJerseyProvider.<init> -Using JSON decoding codec LegacyJacksonJson
2021-04-29 10:34:29.506 [main] INFO com.netflix.discovery.provider.DiscoveryJerseyProvider.<init> -Using XML encoding codec XStreamXml
2021-04-29 10:34:29.506 [main] INFO com.netflix.discovery.provider.DiscoveryJerseyProvider.<init> -Using XML decoding codec XStreamXml
2021-04-29 10:34:29.798 [main] INFO com.netflix.discovery.shared.resolver.aws.ConfigClusterResolver.getClusterEndpoints -Resolving eureka endpoints via configuration
2021-04-29 10:34:30.604 [main] INFO com.netflix.discovery.DiscoveryClient.fetchRegistry -Disable delta property : false
2021-04-29 10:34:30.605 [main] INFO com.netflix.discovery.DiscoveryClient.fetchRegistry -Single vip registry refresh property : null
2021-04-29 10:34:30.605 [main] INFO com.netflix.discovery.DiscoveryClient.fetchRegistry -Force full registry fetch : false
2021-04-29 10:34:30.606 [main] INFO com.netflix.discovery.DiscoveryClient.fetchRegistry -Application is null : false
2021-04-29 10:34:30.606 [main] INFO com.netflix.discovery.DiscoveryClient.fetchRegistry -Registered Applications size is zero : true
2021-04-29 10:34:30.606 [main] INFO com.netflix.discovery.DiscoveryClient.fetchRegistry -Application version is -1: true
2021-04-29 10:34:30.607 [main] INFO com.netflix.discovery.DiscoveryClient.getAndStoreFullRegistry -Getting all instance registry info from the eureka server
2021-04-29 10:34:30.856 [main] INFO com.netflix.discovery.DiscoveryClient.getAndStoreFullRegistry -The response status is 200
2021-04-29 10:34:30.861 [main] INFO com.netflix.discovery.DiscoveryClient.initScheduledTasks -Starting heartbeat executor: renew interval is: 30
2021-04-29 10:34:30.865 [main] INFO com.netflix.discovery.InstanceInfoReplicator.<init> -InstanceInfoReplicator onDemand update allowed rate per min is 4
2021-04-29 10:34:30.871 [main] INFO com.netflix.discovery.DiscoveryClient.<init> -Discovery Client initialized at timestamp 1619663670870 with initial instances count: 5
2021-04-29 10:34:30.876 [main] INFO org.springframework.cloud.netflix.eureka.serviceregistry.EurekaServiceRegistry.register -Registering application SMARTONE with eureka with status UP
2021-04-29 10:34:30.877 [main] INFO com.netflix.discovery.DiscoveryClient.notify -Saw local status change event StatusChangeEvent [timestamp=1619663670877, current=UP, previous=STARTING]
2021-04-29 10:34:30.880 [DiscoveryClient-InstanceInfoReplicator-0] INFO com.netflix.discovery.DiscoveryClient.register -DiscoveryClient_SMARTONE/sinoDept004:smartone:8201: registering service...
2021-04-29 10:34:30.901 [main] INFO com.douglei.aop.ProxyBeanContainer.destroy -[com.douglei.aop.ProxyBeanContainer]被销毁, 数量为[11]
2021-04-29 10:34:30.902 [main] INFO org.apache.coyote.http11.Http11NioProtocol.log -Starting ProtocolHandler ["http-nio-8201"]
2021-04-29 10:34:30.949 [DiscoveryClient-InstanceInfoReplicator-0] INFO com.netflix.discovery.DiscoveryClient.register -DiscoveryClient_SMARTONE/sinoDept004:smartone:8201 - registration status: 204
2021-04-29 10:34:30.962 [main] INFO org.springframework.boot.web.embedded.tomcat.TomcatWebServer.start -Tomcat started on port(s): 8201 (http) with context path ''
2021-04-29 10:34:30.964 [main] INFO org.springframework.cloud.netflix.eureka.serviceregistry.EurekaAutoServiceRegistration.onApplicationEvent -Updating port to 8201
2021-04-29 10:34:32.164 [main] INFO com.smartone.SmartoneApplication.logStarted -Started SmartoneApplication in 17.748 seconds (JVM running for 19.961)
2021-04-29 10:39:30.614 [AsyncResolver-bootstrap-executor-0] INFO com.netflix.discovery.shared.resolver.aws.ConfigClusterResolver.getClusterEndpoints -Resolving eureka endpoints via configuration
2021-04-29 10:41:23.675 [RMI TCP Connection(2)-127.0.0.1] INFO org.springframework.boot.admin.SpringApplicationAdminMXBeanRegistrar$SpringApplicationAdmin.shutdown -Application shutdown requested.
2021-04-29 10:41:23.676 [RMI TCP Connection(2)-127.0.0.1] INFO org.springframework.cloud.netflix.eureka.serviceregistry.EurekaServiceRegistry.deregister -Unregistering application SMARTONE with eureka with status DOWN
2021-04-29 10:41:23.677 [RMI TCP Connection(2)-127.0.0.1] WARN com.netflix.discovery.DiscoveryClient.notify -Saw local status change event StatusChangeEvent [timestamp=1619664083677, current=DOWN, previous=UP]
2021-04-29 10:41:23.677 [DiscoveryClient-InstanceInfoReplicator-0] INFO com.netflix.discovery.DiscoveryClient.register -DiscoveryClient_SMARTONE/sinoDept004:smartone:8201: registering service...
2021-04-29 10:41:23.687 [DiscoveryClient-InstanceInfoReplicator-0] INFO com.netflix.discovery.DiscoveryClient.register -DiscoveryClient_SMARTONE/sinoDept004:smartone:8201 - registration status: 204
2021-04-29 10:41:23.715 [RMI TCP Connection(2)-127.0.0.1] INFO org.springframework.scheduling.concurrent.ThreadPoolTaskExecutor.shutdown -Shutting down ExecutorService 'threadPool'
2021-04-29 10:41:23.716 [RMI TCP Connection(2)-127.0.0.1] INFO com.alibaba.druid.pool.DruidDataSource.close -{dataSource-1} closing ...
2021-04-29 10:41:23.723 [RMI TCP Connection(2)-127.0.0.1] INFO com.alibaba.druid.pool.DruidDataSource.close -{dataSource-1} closed
2021-04-29 10:41:23.724 [RMI TCP Connection(2)-127.0.0.1] INFO com.netflix.discovery.DiscoveryClient.shutdown -Shutting down DiscoveryClient ...
2021-04-29 10:41:34.342 [main] INFO org.springframework.context.support.PostProcessorRegistrationDelegate$BeanPostProcessorChecker.postProcessAfterInitialization -Bean 'org.springframework.cloud.autoconfigure.ConfigurationPropertiesRebinderAutoConfiguration' of type [org.springframework.cloud.autoconfigure.ConfigurationPropertiesRebinderAutoConfiguration$$EnhancerBySpringCGLIB$$cf278ddd] is not eligible for getting processed by all BeanPostProcessors (for example: not eligible for auto-proxying)
